<?xml version="1.0" encoding="UTF-8"?>
<testng-results ignored="0" total="1" passed="1" failed="0" skipped="0">
  <reporter-output>
  </reporter-output>
  <suite started-at="2024-06-23T17:07:50 IST" name="Suite" finished-at="2024-06-23T17:08:02 IST" duration-ms="12407">
    <groups>
    </groups>
    <test started-at="2024-06-23T17:07:50 IST" name="Test" finished-at="2024-06-23T17:08:02 IST" duration-ms="12407">
      <class name="TestCase.QaLegend_TestCase">
        <test-method is-config="true" signature="initialization()[pri:0, instance:TestCase.QaLegend_TestCase@5d534f5d]" started-at="2024-06-23T17:07:50 IST" name="initialization" finished-at="2024-06-23T17:08:01 IST" duration-ms="10422" status="PASS">
          <reporter-output>
          </reporter-output>
        </test-method> <!-- initialization -->
        <test-method signature="loginToQaLegendApp()[pri:0, instance:TestCase.QaLegend_TestCase@5d534f5d]" started-at="2024-06-23T17:08:01 IST" name="loginToQaLegendApp" finished-at="2024-06-23T17:08:02 IST" duration-ms="1891" status="PASS">
          <reporter-output>
          </reporter-output>
        </test-method> <!-- loginToQaLegendApp -->
      </class> <!-- TestCase.QaLegend_TestCase -->
    </test> <!-- Test -->
  </suite> <!-- Suite -->
</testng-results>
