<?xml version="1.0" encoding="UTF-8"?>
<testng-results ignored="0" total="1" passed="1" failed="0" skipped="0">
  <reporter-output>
  </reporter-output>
  <suite started-at="2024-07-18T20:20:10 IST" name="Suite" finished-at="2024-07-18T20:20:25 IST" duration-ms="14880">
    <groups>
    </groups>
    <test started-at="2024-07-18T20:20:10 IST" name="Test" finished-at="2024-07-18T20:20:25 IST" duration-ms="14880">
      <class name="TestCase.QaLegend_TestCase">
        <test-method is-config="true" signature="initialization(java.lang.String)[pri:0, instance:TestCase.QaLegend_TestCase@1fd14d74]" started-at="2024-07-18T20:20:10 IST" name="initialization" finished-at="2024-07-18T20:20:14 IST" duration-ms="4025" status="PASS">
          <params>
            <param index="0">
              <value>
                <![CDATA[chrome]]>
              </value>
            </param>
          </params>
          <reporter-output>
          </reporter-output>
        </test-method> <!-- initialization -->
        <test-method signature="editdetailsnote()[pri:0, instance:TestCase.QaLegend_TestCase@1fd14d74]" started-at="2024-07-18T20:20:14 IST" name="editdetailsnote" finished-at="2024-07-18T20:20:25 IST" duration-ms="10753" status="PASS">
          <reporter-output>
          </reporter-output>
        </test-method> <!-- editdetailsnote -->
      </class> <!-- TestCase.QaLegend_TestCase -->
    </test> <!-- Test -->
  </suite> <!-- Suite -->
</testng-results>
