<?xml version="1.0" encoding="UTF-8"?>
<!-- Generated by org.testng.reporters.JUnitXMLReporter -->
<testsuite ignored="9" hostname="Nithya" failures="0" tests="0" name="Test" time="8.884" errors="0" timestamp="2024-07-08T07:25:57 IST">
  <testcase classname="TestCase.QaLegend_TestCase" name="addclientdetails" time="0.0">
    <ignored/>
  </testcase> <!-- addclientdetails -->
  <testcase classname="TestCase.QaLegend_TestCase" name="viewsentitems" time="0.0">
    <ignored/>
  </testcase> <!-- viewsentitems -->
  <testcase classname="TestCase.QaLegend_TestCase" name="teammemberslist" time="0.0">
    <ignored/>
  </testcase> <!-- teammemberslist -->
  <testcase classname="TestCase.QaLegend_TestCase" name="forgotPasswordLink" time="0.0">
    <ignored/>
  </testcase> <!-- forgotPasswordLink -->
  <testcase classname="TestCase.QaLegend_TestCase" name="opentasklist" time="0.0">
    <ignored/>
  </testcase> <!-- opentasklist -->
  <testcase classname="TestCase.QaLegend_TestCase" name="loginToQaLegendApp" time="0.0">
    <ignored/>
  </testcase> <!-- loginToQaLegendApp -->
  <testcase classname="TestCase.QaLegend_TestCase" name="eventaddoption" time="0.0">
    <ignored/>
  </testcase> <!-- eventaddoption -->
  <testcase classname="TestCase.QaLegend_TestCase" name="downloadexceloption" time="0.0">
    <ignored/>
  </testcase> <!-- downloadexceloption -->
  <testcase classname="TestCase.QaLegend_TestCase" name="sendmessage" time="0.0">
    <ignored/>
  </testcase> <!-- sendmessage -->
</testsuite> <!-- Test -->
