<?xml version="1.0" encoding="UTF-8"?>
<!-- Generated by org.testng.reporters.JUnitXMLReporter -->
<testsuite ignored="4" hostname="Nithya" failures="0" tests="1" name="Test" time="9.768" errors="0" timestamp="2024-07-02T22:57:16 IST">
  <testcase classname="TestCase.QaLegend_TestCase" name="editdetailsnote" time="3.388"/>
  <testcase classname="TestCase.QaLegend_TestCase" name="addclientdetails" time="0.0">
    <ignored/>
  </testcase> <!-- addclientdetails -->
  <testcase classname="TestCase.QaLegend_TestCase" name="loginToQaLegendApp" time="0.0">
    <ignored/>
  </testcase> <!-- loginToQaLegendApp -->
  <testcase classname="TestCase.QaLegend_TestCase" name="sendmessage" time="0.0">
    <ignored/>
  </testcase> <!-- sendmessage -->
  <testcase classname="TestCase.QaLegend_TestCase" name="forgotPasswordLink" time="0.0">
    <ignored/>
  </testcase> <!-- forgotPasswordLink -->
</testsuite> <!-- Test -->
